{
  "RSpec": {
    "coverage": {
      "/Users/vaidashi/turing/3module/projects/mapinter/app/helpers/application_helper.rb": [
        1,
        null
      ],
      "/Users/vaidashi/turing/3module/projects/mapinter/app/services/conversion.rb": [
        null,
        1,
        null,
        1,
        null,
        null,
        null,
        null,
        null,
        null,
        1,
        1,
        1,
        1,
        1,
        1,
        1,
        null,
        null,
        null,
        null,
        null,
        null,
        null
      ],
      "/Users/vaidashi/turing/3module/projects/mapinter/app/services/news.rb": [
        null,
        1,
        null,
        1,
        null,
        1,
        1,
        1,
        null,
        null,
        null
      ],
      "/Users/vaidashi/turing/3module/projects/mapinter/app/models/country.rb": [
        1,
        1,
        1,
        null
      ],
      "/Users/vaidashi/turing/3module/projects/mapinter/app/models/application_record.rb": [
        1,
        1,
        null
      ],
      "/Users/vaidashi/turing/3module/projects/mapinter/app/models/region.rb": [
        1,
        1,
        1,
        null,
        null,
        1,
        0,
        null,
        null,
        1,
        0,
        null,
        null,
        1,
        0,
        null,
        null,
        1,
        0,
        null,
        null,
        1,
        0,
        null,
        null,
        1,
        0,
        null,
        null,
        1,
        0,
        null,
        null,
        1,
        0,
        null,
        null,
        1,
        0,
        null,
        null,
        1,
        0,
        null,
        null,
        1,
        0,
        null,
        null,
        1,
        0,
        null,
        null,
        1,
        0,
        null,
        null,
        1,
        0,
        null,
        null,
        null
      ],
      "/Users/vaidashi/turing/3module/projects/mapinter/app/channels/application_cable/channel.rb": [
        0,
        0,
        0,
        0
      ],
      "/Users/vaidashi/turing/3module/projects/mapinter/app/channels/application_cable/connection.rb": [
        0,
        0,
        0,
        0
      ],
      "/Users/vaidashi/turing/3module/projects/mapinter/app/controllers/application_controller.rb": [
        0,
        0,
        0
      ],
      "/Users/vaidashi/turing/3module/projects/mapinter/app/controllers/countries_controller.rb": [
        null,
        0,
        null,
        0,
        0,
        null,
        0,
        0,
        0,
        null,
        0
      ],
      "/Users/vaidashi/turing/3module/projects/mapinter/app/controllers/regions_controller.rb": [
        null,
        0,
        null,
        0,
        0,
        null,
        0,
        0,
        null,
        0
      ],
      "/Users/vaidashi/turing/3module/projects/mapinter/app/jobs/application_job.rb": [
        0,
        0
      ],
      "/Users/vaidashi/turing/3module/projects/mapinter/app/mailers/application_mailer.rb": [
        0,
        0,
        0,
        0
      ],
      "/Users/vaidashi/turing/3module/projects/mapinter/app/presenters/currency_presenter.rb": [
        null,
        0,
        null,
        0,
        0,
        null,
        0,
        0,
        null,
        null,
        0
      ],
      "/Users/vaidashi/turing/3module/projects/mapinter/app/presenters/news_presenter.rb": [
        null,
        0,
        null,
        0,
        0,
        0,
        null,
        0,
        0,
        null,
        0,
        0,
        0,
        0,
        null,
        0
      ],
      "/Users/vaidashi/turing/3module/projects/mapinter/app/presenters/travel_notes_presenter.rb": [
        null,
        0,
        null,
        null,
        0,
        0,
        0,
        null,
        0,
        0,
        null,
        0,
        0,
        null,
        0
      ],
      "/Users/vaidashi/turing/3module/projects/mapinter/app/services/advisory_finder.rb": [
        null,
        0,
        null,
        0,
        0,
        0,
        null,
        0,
        0,
        0,
        null,
        0
      ],
      "/Users/vaidashi/turing/3module/projects/mapinter/app/services/conversion_finder.rb": [
        null,
        0,
        null,
        0,
        0,
        0,
        null,
        0,
        0,
        0,
        null,
        0
      ],
      "/Users/vaidashi/turing/3module/projects/mapinter/app/services/news_finder.rb": [
        null,
        0,
        null,
        0,
        0,
        0,
        null,
        0,
        0,
        0,
        null,
        0
      ],
      "/Users/vaidashi/turing/3module/projects/mapinter/app/services/travel_requirements.rb": [
        null,
        0,
        null,
        0,
        0,
        0,
        0,
        null,
        0,
        0,
        0,
        0,
        0,
        0,
        null,
        0,
        0,
        0,
        0,
        0,
        null,
        0,
        0,
        0,
        0,
        0,
        0,
        0,
        0
      ]
    },
    "timestamp": 1510110804
  }
}
