{
  "RSpec": {
    "coverage": {
      "/Users/vaidashi/turing/3module/projects/mapinter/app/helpers/application_helper.rb": [
        1,
        null
      ],
      "/Users/vaidashi/turing/3module/projects/mapinter/app/models/country.rb": [
        1,
        1,
        1,
        null
      ],
      "/Users/vaidashi/turing/3module/projects/mapinter/app/models/application_record.rb": [
        1,
        1,
        null
      ],
      "/Users/vaidashi/turing/3module/projects/mapinter/app/models/region.rb": [
        1,
        1,
        1,
        null,
        null,
        1,
        null,
        1,
        null,
        null,
        1,
        null,
        1,
        null,
        null,
        1,
        null,
        1,
        null,
        null,
        1,
        null,
        1,
        null,
        null,
        1,
        null,
        1,
        null,
        null,
        1,
        null,
        1,
        null,
        null,
        1,
        null,
        1,
        null,
        null,
        1,
        null,
        1,
        null,
        null,
        1,
        null,
        1,
        null,
        null,
        1,
        null,
        1,
        null,
        null,
        1,
        1,
        null,
        null,
        1,
        1,
        null,
        null,
        1,
        1,
        null,
        null,
        1,
        1,
        null,
        null,
        null
      ],
      "/Users/vaidashi/turing/3module/projects/mapinter/app/controllers/welcome_controller.rb": [
        null,
        1,
        null,
        1,
        1,
        null,
        null,
        null
      ],
      "/Users/vaidashi/turing/3module/projects/mapinter/app/controllers/application_controller.rb": [
        1,
        1,
        null
      ],
      "/Users/vaidashi/turing/3module/projects/mapinter/app/channels/application_cable/channel.rb": [
        0,
        0,
        0,
        0
      ],
      "/Users/vaidashi/turing/3module/projects/mapinter/app/channels/application_cable/connection.rb": [
        0,
        0,
        0,
        0
      ],
      "/Users/vaidashi/turing/3module/projects/mapinter/app/jobs/application_job.rb": [
        0,
        0
      ],
      "/Users/vaidashi/turing/3module/projects/mapinter/app/mailers/application_mailer.rb": [
        0,
        0,
        0,
        0
      ]
    },
    "timestamp": 1509654774
  }
}
